1594659634170:help
1594659655261:add-author vivi
1594659715004:add-genre fantasi
1594659735643:add-book test 1 2
1594659765385:help
1594659777502:read-all author
1594659788901:read-all genre
1594659801938:read-all book
1594659842227:add-book vivi 1 1
1594659874871:add-book 1 2
1594659896641:add-book 1,2
1594659903849:help
1594659921949:add-book vivi 1 2
1594660047899:add-author vvvv
1594660058572:add-genre ddd
1594660073690:help
1594660084005:get-book 2
1594660109670:get-genre 2
1594660234336:add-author sss
1594660245574:add-genre sss
1594660286110:get-genre 2
1594800404439:help
