1594204400308:fullName vivi ger
1594204421274:fullName vivi,ger
1594204428526:fullName vivi
1594204506846:fullname vivi
1594204534346:fullname vivi ger
1594205065719:questions
1594205271679:changelocale uk UA
1594205285101:questions
1594205342550:help
1594205390090:changelocale uk UA
1594205429187:questions
1594205524119:changelocale
1594205587627:help
1594205600352:questions
1594205650640:changelocale
1594207222241:help
1594207233470:question
1594207249499:questions
1594207282889:answer
1594207292143:answer 1 2
1594207322423:answer 1 3
1594207327905:help
1594207335052:result
1594207345158:fullname
1594207354009:fullname vivi ger
1594207364095:answer 0 2
1594207370418:answer 1 3
1594207376023:result
1594207389881:fullname ger
1594207406552:fullname g g
1594207411702:result
